(---------------------------------------------------------------------)
(                                                                     )
(    NC DRILL Log                                                     )
(                                                                     )
(    Drawing          : FishTank-Manage.brd                           )
(    Software Version : 17.4S032                                      )
(    Date/Time        : Mon Jul 31 00:13:06 2023                      )
(                                                                     )
(---------------------------------------------------------------------)



 Processing NC Parameters file 'nc_param.txt' ...

 NC PARAMETERS
 -------------

 FORMAT   		2.5
 MACHINE-OFFSET		x:0.00000	y:0.00000   (mm)
 FEEDRATE		1
 COORDINATES		ABSOLUTE
 OUTPUT-UNITS		METRIC
 TOOL-ORDER		INCREASING
 REPEAT-CODES		YES
 SUPPRESS-LEAD-ZEROES	NO
 SUPPRESS-TRAIL-ZEROES	NO
 SUPPRESS-EQUAL		NO
 TOOL-SELECT		NO
 HEADER			none
 LEADER			12
 CODE			ASCII
 SEPARATE		NO
 SEPARATE-ROUTING	NO
 OPTIMIZE_DRILLING	NO
 ENHANCED_EXCELLON	NO
 SCALE			1.000000



 Drill files being output to directory 'C:/Users/a1833/OneDrive/ÎÄµµ/Arduino/FishTank-Manage/FishTank-Manage-PCB/PCB/gerber' ...



     'FishTank-Manage-1-4.drl' created for holes connecting TOP and BOTTOM
     ---------------------------------------------------------------------

           Num     Size      +/- Tolerance     Plating   Quantity

            1.   0.3302    0.0000/  0.0000      PLATED        387
            2.   0.7000    0.0000/  0.0000      PLATED         12
            3.   0.8000    0.0000/  0.0000      PLATED         46
            4.   0.9000    0.0000/  0.0000      PLATED         32
            5.   2.2000    0.0000/  0.0000      PLATED          4

     ---- Total holes:                                        481

     ---- Total head travel:              7.78 feet (2.37 meters)

