Sun Jun  4 03:03:52 2023				Page     1


 
Update Symbols/Modules Logfile
	Sun Jun  4 03:03:52 2023

------ Module Refresh Messages ------

SUMMARY:    Updated 0 out of 0 modules

------ End Module Messages     ------



(---------------------------------------------------------------------)
(                                                                     )
(    Refresh Symbol                                                   )
(                                                                     )
(    Drawing          : FishTank-Manage.brd                           )
(    Software Version : 17.4S032                                      )
(    Date/Time        : Sun Jun  4 03:03:53 2023                      )
(                                                                     )
(---------------------------------------------------------------------)


Sun Jun  4 03:03:53 2023				Page     1


------ Symbol Refresh Directives ------

Input design  = 'D:/PCBDesign/FishTank-Manage/PCB/FishTank-Manage.brd'
Output design = ''

Update mechanical symbols              = 'NO'
Update format symbols                  = 'NO'
Update package symbols                 = 'NO'
Update shape/flash symbols             = 'NO'
Update symbol padstacks                = 'YES'
Preserve padstacks replaced on pins    = 'NO'
Reset symbol text and size locations   = 'NO'
Reset Pin Escapes (fanouts)            = 'NO'
Ripup Etch                             = 'NO'
Reset custom drill data                = 'NO'
Symbol list file                       = 'C:/Users/a1833/AppData/Local/Temp/#Taaaagi03052.tmp'


------ Library Paths ------
PSMPATH =  . 
           symbols 
           .. 
           ../symbols 
           c:/program files/cadence/spb_17.4/share/local/pcb/symbols 
           c:/program files/cadence/spb_17.4/share/pcb/pcb_lib/symbols 
           c:/program files/cadence/spb_17.4/share/pcb/allegrolib/symbols 
           D:/PCBDesign/00-LIB 

PADPATH =  . 
           symbols 
           .. 
           ../symbols 
           c:/program files/cadence/spb_17.4/share/local/pcb/padstacks 
           c:/program files/cadence/spb_17.4/share/pcb/pcb_lib/symbols 
           c:/program files/cadence/spb_17.4/share/pcb/allegrolib/symbols 
           D:/PCBDesign/00-LIB 


------ Symbol Refresh Messages ------

'SOT23'  symbol refreshed successfully.


------ Pad Stack Refresh Messages ------

'SMD20_17'  pad stack refreshed successfully.


----- Symbol Update Summary ----

Updated symbols: 1 out 1
    Design updated.

